<?xml version="1.0" encoding="UTF-8"?>
<testsuite xmlns:xsi="http://www.w3.org/2001/XMLSchema-instance" xsi:noNamespaceSchemaLocation="https://maven.apache.org/surefire/maven-surefire-plugin/xsd/surefire-test-report.xsd" name="com.atduu.DuublogApplicationTests" time="16.368" tests="1" errors="0" skipped="0" failures="0">
  <properties>
    <property name="sun.desktop" value="windows"/>
    <property name="awt.toolkit" value="sun.awt.windows.WToolkit"/>
    <property name="file.encoding.pkg" value="sun.io"/>
    <property name="java.specification.version" value="1.8"/>
    <property name="sun.cpu.isalist" value="amd64"/>
    <property name="sun.jnu.encoding" value="GBK"/>
    <property name="java.class.path" value="E:\IDEA Project\duu\target\test-classes;E:\IDEA Project\duu\target\classes;D:\JavaEnvironment\Maven\apache-maven-3.8.3\maven-repository\org\springframework\boot\spring-boot-starter-data-jpa\2.6.0\spring-boot-starter-data-jpa-2.6.0.jar;D:\JavaEnvironment\Maven\apache-maven-3.8.3\maven-repository\org\springframework\boot\spring-boot-starter-aop\2.6.0\spring-boot-starter-aop-2.6.0.jar;D:\JavaEnvironment\Maven\apache-maven-3.8.3\maven-repository\org\springframework\spring-aop\5.3.13\spring-aop-5.3.13.jar;D:\JavaEnvironment\Maven\apache-maven-3.8.3\maven-repository\org\aspectj\aspectjweaver\1.9.7\aspectjweaver-1.9.7.jar;D:\JavaEnvironment\Maven\apache-maven-3.8.3\maven-repository\org\springframework\boot\spring-boot-starter-jdbc\2.6.0\spring-boot-starter-jdbc-2.6.0.jar;D:\JavaEnvironment\Maven\apache-maven-3.8.3\maven-repository\com\zaxxer\HikariCP\4.0.3\HikariCP-4.0.3.jar;D:\JavaEnvironment\Maven\apache-maven-3.8.3\maven-repository\org\springframework\spring-jdbc\5.3.13\spring-jdbc-5.3.13.jar;D:\JavaEnvironment\Maven\apache-maven-3.8.3\maven-repository\jakarta\transaction\jakarta.transaction-api\1.3.3\jakarta.transaction-api-1.3.3.jar;D:\JavaEnvironment\Maven\apache-maven-3.8.3\maven-repository\jakarta\persistence\jakarta.persistence-api\2.2.3\jakarta.persistence-api-2.2.3.jar;D:\JavaEnvironment\Maven\apache-maven-3.8.3\maven-repository\org\hibernate\hibernate-core\5.6.1.Final\hibernate-core-5.6.1.Final.jar;D:\JavaEnvironment\Maven\apache-maven-3.8.3\maven-repository\antlr\antlr\2.7.7\antlr-2.7.7.jar;D:\JavaEnvironment\Maven\apache-maven-3.8.3\maven-repository\org\jboss\jandex\2.2.3.Final\jandex-2.2.3.Final.jar;D:\JavaEnvironment\Maven\apache-maven-3.8.3\maven-repository\com\fasterxml\classmate\1.5.1\classmate-1.5.1.jar;D:\JavaEnvironment\Maven\apache-maven-3.8.3\maven-repository\org\glassfish\jaxb\jaxb-runtime\2.3.5\jaxb-runtime-2.3.5.jar;D:\JavaEnvironment\Maven\apache-maven-3.8.3\maven-repository\org\glassfish\jaxb\txw2\2.3.5\txw2-2.3.5.jar;D:\JavaEnvironment\Maven\apache-maven-3.8.3\maven-repository\com\sun\istack\istack-commons-runtime\3.0.12\istack-commons-runtime-3.0.12.jar;D:\JavaEnvironment\Maven\apache-maven-3.8.3\maven-repository\com\sun\activation\jakarta.activation\1.2.2\jakarta.activation-1.2.2.jar;D:\JavaEnvironment\Maven\apache-maven-3.8.3\maven-repository\org\springframework\data\spring-data-jpa\2.6.0\spring-data-jpa-2.6.0.jar;D:\JavaEnvironment\Maven\apache-maven-3.8.3\maven-repository\org\springframework\data\spring-data-commons\2.6.0\spring-data-commons-2.6.0.jar;D:\JavaEnvironment\Maven\apache-maven-3.8.3\maven-repository\org\springframework\spring-orm\5.3.13\spring-orm-5.3.13.jar;D:\JavaEnvironment\Maven\apache-maven-3.8.3\maven-repository\org\springframework\spring-context\5.3.13\spring-context-5.3.13.jar;D:\JavaEnvironment\Maven\apache-maven-3.8.3\maven-repository\org\springframework\spring-tx\5.3.13\spring-tx-5.3.13.jar;D:\JavaEnvironment\Maven\apache-maven-3.8.3\maven-repository\org\springframework\spring-beans\5.3.13\spring-beans-5.3.13.jar;D:\JavaEnvironment\Maven\apache-maven-3.8.3\maven-repository\org\slf4j\slf4j-api\1.7.32\slf4j-api-1.7.32.jar;D:\JavaEnvironment\Maven\apache-maven-3.8.3\maven-repository\org\springframework\spring-aspects\5.3.13\spring-aspects-5.3.13.jar;D:\JavaEnvironment\Maven\apache-maven-3.8.3\maven-repository\org\springframework\boot\spring-boot-starter-thymeleaf\2.6.0\spring-boot-starter-thymeleaf-2.6.0.jar;D:\JavaEnvironment\Maven\apache-maven-3.8.3\maven-repository\org\springframework\boot\spring-boot-starter\2.6.0\spring-boot-starter-2.6.0.jar;D:\JavaEnvironment\Maven\apache-maven-3.8.3\maven-repository\org\springframework\boot\spring-boot\2.6.0\spring-boot-2.6.0.jar;D:\JavaEnvironment\Maven\apache-maven-3.8.3\maven-repository\org\springframework\boot\spring-boot-autoconfigure\2.6.0\spring-boot-autoconfigure-2.6.0.jar;D:\JavaEnvironment\Maven\apache-maven-3.8.3\maven-repository\org\springframework\boot\spring-boot-starter-logging\2.6.0\spring-boot-starter-logging-2.6.0.jar;D:\JavaEnvironment\Maven\apache-maven-3.8.3\maven-repository\ch\qos\logback\logback-classic\1.2.7\logback-classic-1.2.7.jar;D:\JavaEnvironment\Maven\apache-maven-3.8.3\maven-repository\ch\qos\logback\logback-core\1.2.7\logback-core-1.2.7.jar;D:\JavaEnvironment\Maven\apache-maven-3.8.3\maven-repository\org\apache\logging\log4j\log4j-to-slf4j\2.14.1\log4j-to-slf4j-2.14.1.jar;D:\JavaEnvironment\Maven\apache-maven-3.8.3\maven-repository\org\apache\logging\log4j\log4j-api\2.14.1\log4j-api-2.14.1.jar;D:\JavaEnvironment\Maven\apache-maven-3.8.3\maven-repository\org\slf4j\jul-to-slf4j\1.7.32\jul-to-slf4j-1.7.32.jar;D:\JavaEnvironment\Maven\apache-maven-3.8.3\maven-repository\jakarta\annotation\jakarta.annotation-api\1.3.5\jakarta.annotation-api-1.3.5.jar;D:\JavaEnvironment\Maven\apache-maven-3.8.3\maven-repository\org\yaml\snakeyaml\1.29\snakeyaml-1.29.jar;D:\JavaEnvironment\Maven\apache-maven-3.8.3\maven-repository\org\thymeleaf\thymeleaf-spring5\3.0.12.RELEASE\thymeleaf-spring5-3.0.12.RELEASE.jar;D:\JavaEnvironment\Maven\apache-maven-3.8.3\maven-repository\org\thymeleaf\thymeleaf\3.0.12.RELEASE\thymeleaf-3.0.12.RELEASE.jar;D:\JavaEnvironment\Maven\apache-maven-3.8.3\maven-repository\org\attoparser\attoparser\2.0.5.RELEASE\attoparser-2.0.5.RELEASE.jar;D:\JavaEnvironment\Maven\apache-maven-3.8.3\maven-repository\org\unbescape\unbescape\1.1.6.RELEASE\unbescape-1.1.6.RELEASE.jar;D:\JavaEnvironment\Maven\apache-maven-3.8.3\maven-repository\org\thymeleaf\extras\thymeleaf-extras-java8time\3.0.4.RELEASE\thymeleaf-extras-java8time-3.0.4.RELEASE.jar;D:\JavaEnvironment\Maven\apache-maven-3.8.3\maven-repository\org\springframework\boot\spring-boot-starter-web\2.6.0\spring-boot-starter-web-2.6.0.jar;D:\JavaEnvironment\Maven\apache-maven-3.8.3\maven-repository\org\springframework\boot\spring-boot-starter-json\2.6.0\spring-boot-starter-json-2.6.0.jar;D:\JavaEnvironment\Maven\apache-maven-3.8.3\maven-repository\com\fasterxml\jackson\core\jackson-databind\2.13.0\jackson-databind-2.13.0.jar;D:\JavaEnvironment\Maven\apache-maven-3.8.3\maven-repository\com\fasterxml\jackson\core\jackson-annotations\2.13.0\jackson-annotations-2.13.0.jar;D:\JavaEnvironment\Maven\apache-maven-3.8.3\maven-repository\com\fasterxml\jackson\core\jackson-core\2.13.0\jackson-core-2.13.0.jar;D:\JavaEnvironment\Maven\apache-maven-3.8.3\maven-repository\com\fasterxml\jackson\datatype\jackson-datatype-jdk8\2.13.0\jackson-datatype-jdk8-2.13.0.jar;D:\JavaEnvironment\Maven\apache-maven-3.8.3\maven-repository\com\fasterxml\jackson\datatype\jackson-datatype-jsr310\2.13.0\jackson-datatype-jsr310-2.13.0.jar;D:\JavaEnvironment\Maven\apache-maven-3.8.3\maven-repository\com\fasterxml\jackson\module\jackson-module-parameter-names\2.13.0\jackson-module-parameter-names-2.13.0.jar;D:\JavaEnvironment\Maven\apache-maven-3.8.3\maven-repository\org\springframework\boot\spring-boot-starter-tomcat\2.6.0\spring-boot-starter-tomcat-2.6.0.jar;D:\JavaEnvironment\Maven\apache-maven-3.8.3\maven-repository\org\apache\tomcat\embed\tomcat-embed-core\9.0.55\tomcat-embed-core-9.0.55.jar;D:\JavaEnvironment\Maven\apache-maven-3.8.3\maven-repository\org\apache\tomcat\embed\tomcat-embed-el\9.0.55\tomcat-embed-el-9.0.55.jar;D:\JavaEnvironment\Maven\apache-maven-3.8.3\maven-repository\org\apache\tomcat\embed\tomcat-embed-websocket\9.0.55\tomcat-embed-websocket-9.0.55.jar;D:\JavaEnvironment\Maven\apache-maven-3.8.3\maven-repository\org\springframework\spring-web\5.3.13\spring-web-5.3.13.jar;D:\JavaEnvironment\Maven\apache-maven-3.8.3\maven-repository\org\springframework\spring-webmvc\5.3.13\spring-webmvc-5.3.13.jar;D:\JavaEnvironment\Maven\apache-maven-3.8.3\maven-repository\org\springframework\spring-expression\5.3.13\spring-expression-5.3.13.jar;D:\JavaEnvironment\Maven\apache-maven-3.8.3\maven-repository\org\hibernate\hibernate-entitymanager\5.6.0.Final\hibernate-entitymanager-5.6.0.Final.jar;D:\JavaEnvironment\Maven\apache-maven-3.8.3\maven-repository\org\jboss\logging\jboss-logging\3.4.2.Final\jboss-logging-3.4.2.Final.jar;D:\JavaEnvironment\Maven\apache-maven-3.8.3\maven-repository\org\hibernate\common\hibernate-commons-annotations\5.1.2.Final\hibernate-commons-annotations-5.1.2.Final.jar;D:\JavaEnvironment\Maven\apache-maven-3.8.3\maven-repository\javax\persistence\javax.persistence-api\2.2\javax.persistence-api-2.2.jar;D:\JavaEnvironment\Maven\apache-maven-3.8.3\maven-repository\net\bytebuddy\byte-buddy\1.11.22\byte-buddy-1.11.22.jar;D:\JavaEnvironment\Maven\apache-maven-3.8.3\maven-repository\org\jboss\spec\javax\transaction\jboss-transaction-api_1.2_spec\1.1.1.Final\jboss-transaction-api_1.2_spec-1.1.1.Final.jar;D:\JavaEnvironment\Maven\apache-maven-3.8.3\maven-repository\mysql\mysql-connector-java\8.0.19\mysql-connector-java-8.0.19.jar;D:\JavaEnvironment\Maven\apache-maven-3.8.3\maven-repository\com\atlassian\commonmark\commonmark\0.10.0\commonmark-0.10.0.jar;D:\JavaEnvironment\Maven\apache-maven-3.8.3\maven-repository\com\atlassian\commonmark\commonmark-ext-gfm-tables\0.10.0\commonmark-ext-gfm-tables-0.10.0.jar;D:\JavaEnvironment\Maven\apache-maven-3.8.3\maven-repository\com\atlassian\commonmark\commonmark-ext-heading-anchor\0.10.0\commonmark-ext-heading-anchor-0.10.0.jar;D:\JavaEnvironment\Maven\apache-maven-3.8.3\maven-repository\org\projectlombok\lombok\1.18.22\lombok-1.18.22.jar;D:\JavaEnvironment\Maven\apache-maven-3.8.3\maven-repository\org\springframework\boot\spring-boot-starter-test\2.6.0\spring-boot-starter-test-2.6.0.jar;D:\JavaEnvironment\Maven\apache-maven-3.8.3\maven-repository\org\springframework\boot\spring-boot-test\2.6.0\spring-boot-test-2.6.0.jar;D:\JavaEnvironment\Maven\apache-maven-3.8.3\maven-repository\org\springframework\boot\spring-boot-test-autoconfigure\2.6.0\spring-boot-test-autoconfigure-2.6.0.jar;D:\JavaEnvironment\Maven\apache-maven-3.8.3\maven-repository\com\jayway\jsonpath\json-path\2.6.0\json-path-2.6.0.jar;D:\JavaEnvironment\Maven\apache-maven-3.8.3\maven-repository\net\minidev\json-smart\2.4.7\json-smart-2.4.7.jar;D:\JavaEnvironment\Maven\apache-maven-3.8.3\maven-repository\net\minidev\accessors-smart\2.4.7\accessors-smart-2.4.7.jar;D:\JavaEnvironment\Maven\apache-maven-3.8.3\maven-repository\org\ow2\asm\asm\9.1\asm-9.1.jar;D:\JavaEnvironment\Maven\apache-maven-3.8.3\maven-repository\jakarta\xml\bind\jakarta.xml.bind-api\2.3.3\jakarta.xml.bind-api-2.3.3.jar;D:\JavaEnvironment\Maven\apache-maven-3.8.3\maven-repository\jakarta\activation\jakarta.activation-api\1.2.2\jakarta.activation-api-1.2.2.jar;D:\JavaEnvironment\Maven\apache-maven-3.8.3\maven-repository\org\assertj\assertj-core\3.21.0\assertj-core-3.21.0.jar;D:\JavaEnvironment\Maven\apache-maven-3.8.3\maven-repository\org\hamcrest\hamcrest\2.2\hamcrest-2.2.jar;D:\JavaEnvironment\Maven\apache-maven-3.8.3\maven-repository\org\junit\jupiter\junit-jupiter\5.8.1\junit-jupiter-5.8.1.jar;D:\JavaEnvironment\Maven\apache-maven-3.8.3\maven-repository\org\junit\jupiter\junit-jupiter-api\5.8.1\junit-jupiter-api-5.8.1.jar;D:\JavaEnvironment\Maven\apache-maven-3.8.3\maven-repository\org\opentest4j\opentest4j\1.2.0\opentest4j-1.2.0.jar;D:\JavaEnvironment\Maven\apache-maven-3.8.3\maven-repository\org\junit\platform\junit-platform-commons\1.8.1\junit-platform-commons-1.8.1.jar;D:\JavaEnvironment\Maven\apache-maven-3.8.3\maven-repository\org\apiguardian\apiguardian-api\1.1.2\apiguardian-api-1.1.2.jar;D:\JavaEnvironment\Maven\apache-maven-3.8.3\maven-repository\org\junit\jupiter\junit-jupiter-params\5.8.1\junit-jupiter-params-5.8.1.jar;D:\JavaEnvironment\Maven\apache-maven-3.8.3\maven-repository\org\junit\jupiter\junit-jupiter-engine\5.8.1\junit-jupiter-engine-5.8.1.jar;D:\JavaEnvironment\Maven\apache-maven-3.8.3\maven-repository\org\junit\platform\junit-platform-engine\1.8.1\junit-platform-engine-1.8.1.jar;D:\JavaEnvironment\Maven\apache-maven-3.8.3\maven-repository\org\mockito\mockito-core\4.0.0\mockito-core-4.0.0.jar;D:\JavaEnvironment\Maven\apache-maven-3.8.3\maven-repository\net\bytebuddy\byte-buddy-agent\1.11.22\byte-buddy-agent-1.11.22.jar;D:\JavaEnvironment\Maven\apache-maven-3.8.3\maven-repository\org\objenesis\objenesis\3.2\objenesis-3.2.jar;D:\JavaEnvironment\Maven\apache-maven-3.8.3\maven-repository\org\mockito\mockito-junit-jupiter\4.0.0\mockito-junit-jupiter-4.0.0.jar;D:\JavaEnvironment\Maven\apache-maven-3.8.3\maven-repository\org\skyscreamer\jsonassert\1.5.0\jsonassert-1.5.0.jar;D:\JavaEnvironment\Maven\apache-maven-3.8.3\maven-repository\com\vaadin\external\google\android-json\0.0.20131108.vaadin1\android-json-0.0.20131108.vaadin1.jar;D:\JavaEnvironment\Maven\apache-maven-3.8.3\maven-repository\org\springframework\spring-core\5.3.13\spring-core-5.3.13.jar;D:\JavaEnvironment\Maven\apache-maven-3.8.3\maven-repository\org\springframework\spring-jcl\5.3.13\spring-jcl-5.3.13.jar;D:\JavaEnvironment\Maven\apache-maven-3.8.3\maven-repository\org\springframework\spring-test\5.3.13\spring-test-5.3.13.jar;D:\JavaEnvironment\Maven\apache-maven-3.8.3\maven-repository\org\xmlunit\xmlunit-core\2.8.3\xmlunit-core-2.8.3.jar;"/>
    <property name="java.vm.vendor" value="Oracle Corporation"/>
    <property name="sun.arch.data.model" value="64"/>
    <property name="user.variant" value=""/>
    <property name="java.vendor.url" value="http://java.oracle.com/"/>
    <property name="user.timezone" value="Asia/Shanghai"/>
    <property name="java.vm.specification.version" value="1.8"/>
    <property name="os.name" value="Windows 10"/>
    <property name="user.country" value="CN"/>
    <property name="sun.java.launcher" value="SUN_STANDARD"/>
    <property name="sun.boot.library.path" value="D:\Java\JDK\jdk1.8.0_301\jre\bin"/>
    <property name="sun.java.command" value="C:\Users\28952\AppData\Local\Temp\surefire8995850187840199230\surefirebooter5675015724133577070.jar C:\Users\28952\AppData\Local\Temp\surefire8995850187840199230 2022-02-26T13-05-39_753-jvmRun1 surefire3957587387305125377tmp surefire_05415268970347553174tmp"/>
    <property name="surefire.test.class.path" value="E:\IDEA Project\duu\target\test-classes;E:\IDEA Project\duu\target\classes;D:\JavaEnvironment\Maven\apache-maven-3.8.3\maven-repository\org\springframework\boot\spring-boot-starter-data-jpa\2.6.0\spring-boot-starter-data-jpa-2.6.0.jar;D:\JavaEnvironment\Maven\apache-maven-3.8.3\maven-repository\org\springframework\boot\spring-boot-starter-aop\2.6.0\spring-boot-starter-aop-2.6.0.jar;D:\JavaEnvironment\Maven\apache-maven-3.8.3\maven-repository\org\springframework\spring-aop\5.3.13\spring-aop-5.3.13.jar;D:\JavaEnvironment\Maven\apache-maven-3.8.3\maven-repository\org\aspectj\aspectjweaver\1.9.7\aspectjweaver-1.9.7.jar;D:\JavaEnvironment\Maven\apache-maven-3.8.3\maven-repository\org\springframework\boot\spring-boot-starter-jdbc\2.6.0\spring-boot-starter-jdbc-2.6.0.jar;D:\JavaEnvironment\Maven\apache-maven-3.8.3\maven-repository\com\zaxxer\HikariCP\4.0.3\HikariCP-4.0.3.jar;D:\JavaEnvironment\Maven\apache-maven-3.8.3\maven-repository\org\springframework\spring-jdbc\5.3.13\spring-jdbc-5.3.13.jar;D:\JavaEnvironment\Maven\apache-maven-3.8.3\maven-repository\jakarta\transaction\jakarta.transaction-api\1.3.3\jakarta.transaction-api-1.3.3.jar;D:\JavaEnvironment\Maven\apache-maven-3.8.3\maven-repository\jakarta\persistence\jakarta.persistence-api\2.2.3\jakarta.persistence-api-2.2.3.jar;D:\JavaEnvironment\Maven\apache-maven-3.8.3\maven-repository\org\hibernate\hibernate-core\5.6.1.Final\hibernate-core-5.6.1.Final.jar;D:\JavaEnvironment\Maven\apache-maven-3.8.3\maven-repository\antlr\antlr\2.7.7\antlr-2.7.7.jar;D:\JavaEnvironment\Maven\apache-maven-3.8.3\maven-repository\org\jboss\jandex\2.2.3.Final\jandex-2.2.3.Final.jar;D:\JavaEnvironment\Maven\apache-maven-3.8.3\maven-repository\com\fasterxml\classmate\1.5.1\classmate-1.5.1.jar;D:\JavaEnvironment\Maven\apache-maven-3.8.3\maven-repository\org\glassfish\jaxb\jaxb-runtime\2.3.5\jaxb-runtime-2.3.5.jar;D:\JavaEnvironment\Maven\apache-maven-3.8.3\maven-repository\org\glassfish\jaxb\txw2\2.3.5\txw2-2.3.5.jar;D:\JavaEnvironment\Maven\apache-maven-3.8.3\maven-repository\com\sun\istack\istack-commons-runtime\3.0.12\istack-commons-runtime-3.0.12.jar;D:\JavaEnvironment\Maven\apache-maven-3.8.3\maven-repository\com\sun\activation\jakarta.activation\1.2.2\jakarta.activation-1.2.2.jar;D:\JavaEnvironment\Maven\apache-maven-3.8.3\maven-repository\org\springframework\data\spring-data-jpa\2.6.0\spring-data-jpa-2.6.0.jar;D:\JavaEnvironment\Maven\apache-maven-3.8.3\maven-repository\org\springframework\data\spring-data-commons\2.6.0\spring-data-commons-2.6.0.jar;D:\JavaEnvironment\Maven\apache-maven-3.8.3\maven-repository\org\springframework\spring-orm\5.3.13\spring-orm-5.3.13.jar;D:\JavaEnvironment\Maven\apache-maven-3.8.3\maven-repository\org\springframework\spring-context\5.3.13\spring-context-5.3.13.jar;D:\JavaEnvironment\Maven\apache-maven-3.8.3\maven-repository\org\springframework\spring-tx\5.3.13\spring-tx-5.3.13.jar;D:\JavaEnvironment\Maven\apache-maven-3.8.3\maven-repository\org\springframework\spring-beans\5.3.13\spring-beans-5.3.13.jar;D:\JavaEnvironment\Maven\apache-maven-3.8.3\maven-repository\org\slf4j\slf4j-api\1.7.32\slf4j-api-1.7.32.jar;D:\JavaEnvironment\Maven\apache-maven-3.8.3\maven-repository\org\springframework\spring-aspects\5.3.13\spring-aspects-5.3.13.jar;D:\JavaEnvironment\Maven\apache-maven-3.8.3\maven-repository\org\springframework\boot\spring-boot-starter-thymeleaf\2.6.0\spring-boot-starter-thymeleaf-2.6.0.jar;D:\JavaEnvironment\Maven\apache-maven-3.8.3\maven-repository\org\springframework\boot\spring-boot-starter\2.6.0\spring-boot-starter-2.6.0.jar;D:\JavaEnvironment\Maven\apache-maven-3.8.3\maven-repository\org\springframework\boot\spring-boot\2.6.0\spring-boot-2.6.0.jar;D:\JavaEnvironment\Maven\apache-maven-3.8.3\maven-repository\org\springframework\boot\spring-boot-autoconfigure\2.6.0\spring-boot-autoconfigure-2.6.0.jar;D:\JavaEnvironment\Maven\apache-maven-3.8.3\maven-repository\org\springframework\boot\spring-boot-starter-logging\2.6.0\spring-boot-starter-logging-2.6.0.jar;D:\JavaEnvironment\Maven\apache-maven-3.8.3\maven-repository\ch\qos\logback\logback-classic\1.2.7\logback-classic-1.2.7.jar;D:\JavaEnvironment\Maven\apache-maven-3.8.3\maven-repository\ch\qos\logback\logback-core\1.2.7\logback-core-1.2.7.jar;D:\JavaEnvironment\Maven\apache-maven-3.8.3\maven-repository\org\apache\logging\log4j\log4j-to-slf4j\2.14.1\log4j-to-slf4j-2.14.1.jar;D:\JavaEnvironment\Maven\apache-maven-3.8.3\maven-repository\org\apache\logging\log4j\log4j-api\2.14.1\log4j-api-2.14.1.jar;D:\JavaEnvironment\Maven\apache-maven-3.8.3\maven-repository\org\slf4j\jul-to-slf4j\1.7.32\jul-to-slf4j-1.7.32.jar;D:\JavaEnvironment\Maven\apache-maven-3.8.3\maven-repository\jakarta\annotation\jakarta.annotation-api\1.3.5\jakarta.annotation-api-1.3.5.jar;D:\JavaEnvironment\Maven\apache-maven-3.8.3\maven-repository\org\yaml\snakeyaml\1.29\snakeyaml-1.29.jar;D:\JavaEnvironment\Maven\apache-maven-3.8.3\maven-repository\org\thymeleaf\thymeleaf-spring5\3.0.12.RELEASE\thymeleaf-spring5-3.0.12.RELEASE.jar;D:\JavaEnvironment\Maven\apache-maven-3.8.3\maven-repository\org\thymeleaf\thymeleaf\3.0.12.RELEASE\thymeleaf-3.0.12.RELEASE.jar;D:\JavaEnvironment\Maven\apache-maven-3.8.3\maven-repository\org\attoparser\attoparser\2.0.5.RELEASE\attoparser-2.0.5.RELEASE.jar;D:\JavaEnvironment\Maven\apache-maven-3.8.3\maven-repository\org\unbescape\unbescape\1.1.6.RELEASE\unbescape-1.1.6.RELEASE.jar;D:\JavaEnvironment\Maven\apache-maven-3.8.3\maven-repository\org\thymeleaf\extras\thymeleaf-extras-java8time\3.0.4.RELEASE\thymeleaf-extras-java8time-3.0.4.RELEASE.jar;D:\JavaEnvironment\Maven\apache-maven-3.8.3\maven-repository\org\springframework\boot\spring-boot-starter-web\2.6.0\spring-boot-starter-web-2.6.0.jar;D:\JavaEnvironment\Maven\apache-maven-3.8.3\maven-repository\org\springframework\boot\spring-boot-starter-json\2.6.0\spring-boot-starter-json-2.6.0.jar;D:\JavaEnvironment\Maven\apache-maven-3.8.3\maven-repository\com\fasterxml\jackson\core\jackson-databind\2.13.0\jackson-databind-2.13.0.jar;D:\JavaEnvironment\Maven\apache-maven-3.8.3\maven-repository\com\fasterxml\jackson\core\jackson-annotations\2.13.0\jackson-annotations-2.13.0.jar;D:\JavaEnvironment\Maven\apache-maven-3.8.3\maven-repository\com\fasterxml\jackson\core\jackson-core\2.13.0\jackson-core-2.13.0.jar;D:\JavaEnvironment\Maven\apache-maven-3.8.3\maven-repository\com\fasterxml\jackson\datatype\jackson-datatype-jdk8\2.13.0\jackson-datatype-jdk8-2.13.0.jar;D:\JavaEnvironment\Maven\apache-maven-3.8.3\maven-repository\com\fasterxml\jackson\datatype\jackson-datatype-jsr310\2.13.0\jackson-datatype-jsr310-2.13.0.jar;D:\JavaEnvironment\Maven\apache-maven-3.8.3\maven-repository\com\fasterxml\jackson\module\jackson-module-parameter-names\2.13.0\jackson-module-parameter-names-2.13.0.jar;D:\JavaEnvironment\Maven\apache-maven-3.8.3\maven-repository\org\springframework\boot\spring-boot-starter-tomcat\2.6.0\spring-boot-starter-tomcat-2.6.0.jar;D:\JavaEnvironment\Maven\apache-maven-3.8.3\maven-repository\org\apache\tomcat\embed\tomcat-embed-core\9.0.55\tomcat-embed-core-9.0.55.jar;D:\JavaEnvironment\Maven\apache-maven-3.8.3\maven-repository\org\apache\tomcat\embed\tomcat-embed-el\9.0.55\tomcat-embed-el-9.0.55.jar;D:\JavaEnvironment\Maven\apache-maven-3.8.3\maven-repository\org\apache\tomcat\embed\tomcat-embed-websocket\9.0.55\tomcat-embed-websocket-9.0.55.jar;D:\JavaEnvironment\Maven\apache-maven-3.8.3\maven-repository\org\springframework\spring-web\5.3.13\spring-web-5.3.13.jar;D:\JavaEnvironment\Maven\apache-maven-3.8.3\maven-repository\org\springframework\spring-webmvc\5.3.13\spring-webmvc-5.3.13.jar;D:\JavaEnvironment\Maven\apache-maven-3.8.3\maven-repository\org\springframework\spring-expression\5.3.13\spring-expression-5.3.13.jar;D:\JavaEnvironment\Maven\apache-maven-3.8.3\maven-repository\org\hibernate\hibernate-entitymanager\5.6.0.Final\hibernate-entitymanager-5.6.0.Final.jar;D:\JavaEnvironment\Maven\apache-maven-3.8.3\maven-repository\org\jboss\logging\jboss-logging\3.4.2.Final\jboss-logging-3.4.2.Final.jar;D:\JavaEnvironment\Maven\apache-maven-3.8.3\maven-repository\org\hibernate\common\hibernate-commons-annotations\5.1.2.Final\hibernate-commons-annotations-5.1.2.Final.jar;D:\JavaEnvironment\Maven\apache-maven-3.8.3\maven-repository\javax\persistence\javax.persistence-api\2.2\javax.persistence-api-2.2.jar;D:\JavaEnvironment\Maven\apache-maven-3.8.3\maven-repository\net\bytebuddy\byte-buddy\1.11.22\byte-buddy-1.11.22.jar;D:\JavaEnvironment\Maven\apache-maven-3.8.3\maven-repository\org\jboss\spec\javax\transaction\jboss-transaction-api_1.2_spec\1.1.1.Final\jboss-transaction-api_1.2_spec-1.1.1.Final.jar;D:\JavaEnvironment\Maven\apache-maven-3.8.3\maven-repository\mysql\mysql-connector-java\8.0.19\mysql-connector-java-8.0.19.jar;D:\JavaEnvironment\Maven\apache-maven-3.8.3\maven-repository\com\atlassian\commonmark\commonmark\0.10.0\commonmark-0.10.0.jar;D:\JavaEnvironment\Maven\apache-maven-3.8.3\maven-repository\com\atlassian\commonmark\commonmark-ext-gfm-tables\0.10.0\commonmark-ext-gfm-tables-0.10.0.jar;D:\JavaEnvironment\Maven\apache-maven-3.8.3\maven-repository\com\atlassian\commonmark\commonmark-ext-heading-anchor\0.10.0\commonmark-ext-heading-anchor-0.10.0.jar;D:\JavaEnvironment\Maven\apache-maven-3.8.3\maven-repository\org\projectlombok\lombok\1.18.22\lombok-1.18.22.jar;D:\JavaEnvironment\Maven\apache-maven-3.8.3\maven-repository\org\springframework\boot\spring-boot-starter-test\2.6.0\spring-boot-starter-test-2.6.0.jar;D:\JavaEnvironment\Maven\apache-maven-3.8.3\maven-repository\org\springframework\boot\spring-boot-test\2.6.0\spring-boot-test-2.6.0.jar;D:\JavaEnvironment\Maven\apache-maven-3.8.3\maven-repository\org\springframework\boot\spring-boot-test-autoconfigure\2.6.0\spring-boot-test-autoconfigure-2.6.0.jar;D:\JavaEnvironment\Maven\apache-maven-3.8.3\maven-repository\com\jayway\jsonpath\json-path\2.6.0\json-path-2.6.0.jar;D:\JavaEnvironment\Maven\apache-maven-3.8.3\maven-repository\net\minidev\json-smart\2.4.7\json-smart-2.4.7.jar;D:\JavaEnvironment\Maven\apache-maven-3.8.3\maven-repository\net\minidev\accessors-smart\2.4.7\accessors-smart-2.4.7.jar;D:\JavaEnvironment\Maven\apache-maven-3.8.3\maven-repository\org\ow2\asm\asm\9.1\asm-9.1.jar;D:\JavaEnvironment\Maven\apache-maven-3.8.3\maven-repository\jakarta\xml\bind\jakarta.xml.bind-api\2.3.3\jakarta.xml.bind-api-2.3.3.jar;D:\JavaEnvironment\Maven\apache-maven-3.8.3\maven-repository\jakarta\activation\jakarta.activation-api\1.2.2\jakarta.activation-api-1.2.2.jar;D:\JavaEnvironment\Maven\apache-maven-3.8.3\maven-repository\org\assertj\assertj-core\3.21.0\assertj-core-3.21.0.jar;D:\JavaEnvironment\Maven\apache-maven-3.8.3\maven-repository\org\hamcrest\hamcrest\2.2\hamcrest-2.2.jar;D:\JavaEnvironment\Maven\apache-maven-3.8.3\maven-repository\org\junit\jupiter\junit-jupiter\5.8.1\junit-jupiter-5.8.1.jar;D:\JavaEnvironment\Maven\apache-maven-3.8.3\maven-repository\org\junit\jupiter\junit-jupiter-api\5.8.1\junit-jupiter-api-5.8.1.jar;D:\JavaEnvironment\Maven\apache-maven-3.8.3\maven-repository\org\opentest4j\opentest4j\1.2.0\opentest4j-1.2.0.jar;D:\JavaEnvironment\Maven\apache-maven-3.8.3\maven-repository\org\junit\platform\junit-platform-commons\1.8.1\junit-platform-commons-1.8.1.jar;D:\JavaEnvironment\Maven\apache-maven-3.8.3\maven-repository\org\apiguardian\apiguardian-api\1.1.2\apiguardian-api-1.1.2.jar;D:\JavaEnvironment\Maven\apache-maven-3.8.3\maven-repository\org\junit\jupiter\junit-jupiter-params\5.8.1\junit-jupiter-params-5.8.1.jar;D:\JavaEnvironment\Maven\apache-maven-3.8.3\maven-repository\org\junit\jupiter\junit-jupiter-engine\5.8.1\junit-jupiter-engine-5.8.1.jar;D:\JavaEnvironment\Maven\apache-maven-3.8.3\maven-repository\org\junit\platform\junit-platform-engine\1.8.1\junit-platform-engine-1.8.1.jar;D:\JavaEnvironment\Maven\apache-maven-3.8.3\maven-repository\org\mockito\mockito-core\4.0.0\mockito-core-4.0.0.jar;D:\JavaEnvironment\Maven\apache-maven-3.8.3\maven-repository\net\bytebuddy\byte-buddy-agent\1.11.22\byte-buddy-agent-1.11.22.jar;D:\JavaEnvironment\Maven\apache-maven-3.8.3\maven-repository\org\objenesis\objenesis\3.2\objenesis-3.2.jar;D:\JavaEnvironment\Maven\apache-maven-3.8.3\maven-repository\org\mockito\mockito-junit-jupiter\4.0.0\mockito-junit-jupiter-4.0.0.jar;D:\JavaEnvironment\Maven\apache-maven-3.8.3\maven-repository\org\skyscreamer\jsonassert\1.5.0\jsonassert-1.5.0.jar;D:\JavaEnvironment\Maven\apache-maven-3.8.3\maven-repository\com\vaadin\external\google\android-json\0.0.20131108.vaadin1\android-json-0.0.20131108.vaadin1.jar;D:\JavaEnvironment\Maven\apache-maven-3.8.3\maven-repository\org\springframework\spring-core\5.3.13\spring-core-5.3.13.jar;D:\JavaEnvironment\Maven\apache-maven-3.8.3\maven-repository\org\springframework\spring-jcl\5.3.13\spring-jcl-5.3.13.jar;D:\JavaEnvironment\Maven\apache-maven-3.8.3\maven-repository\org\springframework\spring-test\5.3.13\spring-test-5.3.13.jar;D:\JavaEnvironment\Maven\apache-maven-3.8.3\maven-repository\org\xmlunit\xmlunit-core\2.8.3\xmlunit-core-2.8.3.jar;"/>
    <property name="sun.cpu.endian" value="little"/>
    <property name="user.home" value="C:\Users\28952"/>
    <property name="user.language" value="zh"/>
    <property name="java.specification.vendor" value="Oracle Corporation"/>
    <property name="java.home" value="D:\Java\JDK\jdk1.8.0_301\jre"/>
    <property name="basedir" value="E:\IDEA Project\duu"/>
    <property name="file.separator" value="\"/>
    <property name="line.separator" value="&#10;"/>
    <property name="java.vm.specification.vendor" value="Oracle Corporation"/>
    <property name="java.specification.name" value="Java Platform API Specification"/>
    <property name="java.awt.graphicsenv" value="sun.awt.Win32GraphicsEnvironment"/>
    <property name="surefire.real.class.path" value="C:\Users\28952\AppData\Local\Temp\surefire8995850187840199230\surefirebooter5675015724133577070.jar"/>
    <property name="sun.boot.class.path" value="D:\Java\JDK\jdk1.8.0_301\jre\lib\resources.jar;D:\Java\JDK\jdk1.8.0_301\jre\lib\rt.jar;D:\Java\JDK\jdk1.8.0_301\jre\lib\sunrsasign.jar;D:\Java\JDK\jdk1.8.0_301\jre\lib\jsse.jar;D:\Java\JDK\jdk1.8.0_301\jre\lib\jce.jar;D:\Java\JDK\jdk1.8.0_301\jre\lib\charsets.jar;D:\Java\JDK\jdk1.8.0_301\jre\lib\jfr.jar;D:\Java\JDK\jdk1.8.0_301\jre\classes"/>
    <property name="user.script" value=""/>
    <property name="sun.management.compiler" value="HotSpot 64-Bit Tiered Compilers"/>
    <property name="java.runtime.version" value="1.8.0_301-b09"/>
    <property name="java.net.preferIPv4Stack" value="true"/>
    <property name="user.name" value="28952"/>
    <property name="path.separator" value=";"/>
    <property name="os.version" value="10.0"/>
    <property name="java.endorsed.dirs" value="D:\Java\JDK\jdk1.8.0_301\jre\lib\endorsed"/>
    <property name="java.runtime.name" value="Java(TM) SE Runtime Environment"/>
    <property name="file.encoding" value="GBK"/>
    <property name="java.vm.name" value="Java HotSpot(TM) 64-Bit Server VM"/>
    <property name="localRepository" value="D:\JavaEnvironment\Maven\apache-maven-3.8.3\maven-repository"/>
    <property name="java.vendor.url.bug" value="http://bugreport.sun.com/bugreport/"/>
    <property name="java.io.tmpdir" value="C:\Users\28952\AppData\Local\Temp\"/>
    <property name="idea.version" value="2020.3.2"/>
    <property name="java.version" value="1.8.0_301"/>
    <property name="user.dir" value="E:\IDEA Project\duu"/>
    <property name="os.arch" value="amd64"/>
    <property name="java.vm.specification.name" value="Java Virtual Machine Specification"/>
    <property name="java.awt.printerjob" value="sun.awt.windows.WPrinterJob"/>
    <property name="sun.os.patch.level" value=""/>
    <property name="java.library.path" value="D:\Java\JDK\jdk1.8.0_301\jre\bin;C:\WINDOWS\Sun\Java\bin;C:\WINDOWS\system32;C:\WINDOWS;D:\XShell\;C:\Program Files (x86)\NVIDIA Corporation\PhysX\Common;D:\QT\5.14.1\mingw73_32\bin;D:\Git\Git download\bin;C:\ProgramData\Oracle\Java\javapath;C:\Program Files (x86)\Common Files\Intel\Shared Libraries\redist\intel64_win\compiler;C:\WINDOWS\system32;C:\WINDOWS;C:\WINDOWS\System32\Wbem;C:\WINDOWS\System32\WindowsPowerShell\v1.0\;C:\WINDOWS\System32\OpenSSH\;C:\Program Files\Microsoft SQL Server\130\Tools\Binn\;D:\QT\5.14.1\mingw73_64\bin;D:\JavaEnvironment\Maven\apache-maven-3.8.3\bin;D:\NVM;D:\Program Files\nodejs;D:\Mysql\bin;D:\Git download\cmd;D:\Java\JDK\jdk1.8.0_301\bin;D:\Java\JDK\jdk1.8.0_301\jre\bin;D:\Java\JDK\jdk1.8.0_301\bin;D:\Java\JDK\jdk1.8.0_301\jre\bin;E:\Microsoft VS Code\bin;C:\Users\28952\AppData\Roaming\npm\node_modules;C:\Users\28952\AppData\Roaming\npm;D:\NVM;D:\Program Files\nodejs;C:\Users\28952\AppData\Local\Microsoft\WindowsApps;D:\WebStorme\WebStorm 2021.3\bin;;."/>
    <property name="java.vm.info" value="mixed mode"/>
    <property name="java.vendor" value="Oracle Corporation"/>
    <property name="java.vm.version" value="25.301-b09"/>
    <property name="java.ext.dirs" value="D:\Java\JDK\jdk1.8.0_301\jre\lib\ext;C:\WINDOWS\Sun\Java\lib\ext"/>
    <property name="sun.io.unicode.encoding" value="UnicodeLittle"/>
    <property name="maven.repo.local" value="D:\JavaEnvironment\Maven\apache-maven-3.8.3\maven-repository"/>
    <property name="java.class.version" value="52.0"/>
  </properties>
  <testcase name="user" classname="com.atduu.DuublogApplicationTests" time="0.504"/>
</testsuite>